[03-Dec-2018 12:28:30 Europe/Berlin] PHP Fatal error:  Uncaught Error: Class 'Framework\Router' not found in C:\xampp\htdocs\proiect_php\public\index.php:27
Stack trace:
#0 {main}
  thrown in C:\xampp\htdocs\proiect_php\public\index.php on line 27
[03-Dec-2018 12:28:31 Europe/Berlin] PHP Fatal error:  Uncaught Error: Class 'Framework\Router' not found in C:\xampp\htdocs\proiect_php\public\index.php:27
Stack trace:
#0 {main}
  thrown in C:\xampp\htdocs\proiect_php\public\index.php on line 27
[03-Dec-2018 12:29:11 Europe/Berlin] PHP Fatal error:  Uncaught Error: Class 'Framework\Router' not found in C:\xampp\htdocs\proiect_php\public\index.php:27
Stack trace:
#0 {main}
  thrown in C:\xampp\htdocs\proiect_php\public\index.php on line 27
[03-Dec-2018 12:29:12 Europe/Berlin] PHP Fatal error:  Uncaught Error: Class 'Framework\Router' not found in C:\xampp\htdocs\proiect_php\public\index.php:27
Stack trace:
#0 {main}
  thrown in C:\xampp\htdocs\proiect_php\public\index.php on line 27
[03-Dec-2018 12:29:14 Europe/Berlin] PHP Fatal error:  Uncaught Error: Class 'Framework\Router' not found in C:\xampp\htdocs\proiect_php\public\index.php:27
Stack trace:
#0 {main}
  thrown in C:\xampp\htdocs\proiect_php\public\index.php on line 27
[03-Dec-2018 12:29:14 Europe/Berlin] PHP Fatal error:  Uncaught Error: Class 'Framework\Router' not found in C:\xampp\htdocs\proiect_php\public\index.php:27
Stack trace:
#0 {main}
  thrown in C:\xampp\htdocs\proiect_php\public\index.php on line 27
[03-Dec-2018 12:30:24 Europe/Berlin] PHP Fatal error:  Uncaught Error: Class 'Framework\Router' not found in C:\xampp\htdocs\proiect_php\public\index.php:27
Stack trace:
#0 {main}
  thrown in C:\xampp\htdocs\proiect_php\public\index.php on line 27
[03-Dec-2018 12:30:24 Europe/Berlin] PHP Fatal error:  Uncaught Error: Class 'Framework\Router' not found in C:\xampp\htdocs\proiect_php\public\index.php:27
Stack trace:
#0 {main}
  thrown in C:\xampp\htdocs\proiect_php\public\index.php on line 27
[03-Dec-2018 12:31:16 Europe/Berlin] PHP Fatal error:  Uncaught Error: Class 'Framework\Router' not found in C:\xampp\htdocs\proiect_php\public\index.php:27
Stack trace:
#0 {main}
  thrown in C:\xampp\htdocs\proiect_php\public\index.php on line 27
[03-Dec-2018 12:31:16 Europe/Berlin] PHP Fatal error:  Uncaught Error: Class 'Framework\Router' not found in C:\xampp\htdocs\proiect_php\public\index.php:27
Stack trace:
#0 {main}
  thrown in C:\xampp\htdocs\proiect_php\public\index.php on line 27
[03-Dec-2018 12:32:18 Europe/Berlin] PHP Fatal error:  Uncaught Error: Class 'Framework\Router' not found in C:\xampp\htdocs\proiect_php\public\index.php:27
Stack trace:
#0 {main}
  thrown in C:\xampp\htdocs\proiect_php\public\index.php on line 27
[03-Dec-2018 12:32:18 Europe/Berlin] PHP Fatal error:  Uncaught Error: Class 'Framework\Router' not found in C:\xampp\htdocs\proiect_php\public\index.php:27
Stack trace:
#0 {main}
  thrown in C:\xampp\htdocs\proiect_php\public\index.php on line 27
[03-Dec-2018 12:34:16 Europe/Berlin] PHP Fatal error:  Uncaught Error: Class 'UserController' not found in C:\xampp\htdocs\proiect_php\src\Router.php:61
Stack trace:
#0 C:\xampp\htdocs\proiect_php\public\index.php(29): Framework\Router->start()
#1 {main}
  thrown in C:\xampp\htdocs\proiect_php\src\Router.php on line 61
[17-Dec-2018 11:43:24 Europe/Berlin] PHP Fatal error:  Uncaught Error: Class '\App\Controllers\PageController' not found in C:\xampp\htdocs\proiect_php\src\Router.php:42
Stack trace:
#0 C:\xampp\htdocs\proiect_php\public\index.php(28): Framework\Router->start()
#1 {main}
  thrown in C:\xampp\htdocs\proiect_php\src\Router.php on line 42
[17-Dec-2018 11:47:30 Europe/Berlin] PHP Fatal error:  Uncaught Error: Class '\App\Controllers\UserController' not found in C:\xampp\htdocs\proiect_php\src\Router.php:60
Stack trace:
#0 C:\xampp\htdocs\proiect_php\public\index.php(28): Framework\Router->start()
#1 {main}
  thrown in C:\xampp\htdocs\proiect_php\src\Router.php on line 60
[07-Jan-2019 11:39:34 Europe/Berlin] PHP Notice:  Undefined variable: config in C:\xampp\htdocs\proiect_php\public\index.php on line 16
[07-Jan-2019 11:39:34 Europe/Berlin] PHP Stack trace:
[07-Jan-2019 11:39:34 Europe/Berlin] PHP   1. {main}() C:\xampp\htdocs\proiect_php\public\index.php:0
[07-Jan-2019 11:39:34 Europe/Berlin] PHP Notice:  Undefined variable: config in C:\xampp\htdocs\proiect_php\public\index.php on line 16
[07-Jan-2019 11:39:34 Europe/Berlin] PHP Stack trace:
[07-Jan-2019 11:39:34 Europe/Berlin] PHP   1. {main}() C:\xampp\htdocs\proiect_php\public\index.php:0
